<?xml version="1.0" encoding="UTF-8"?>
<coverage generated="1666269180044" clover="3.2.0">
  <project timestamp="1666269180044" name="All files">
    <metrics statements="92" coveredstatements="76" conditionals="52" coveredconditionals="35" methods="19" coveredmethods="14" elements="163" coveredelements="125" complexity="0" loc="92" ncloc="92" packages="1" files="1" classes="1"/>
    <file name="index.ts" path="/Users/dexter/project/oput/src/index.ts">
      <metrics statements="92" coveredstatements="76" conditionals="52" coveredconditionals="35" methods="19" coveredmethods="14"/>
      <line num="1" count="1" type="stmt"/>
      <line num="2" count="1" type="stmt"/>
      <line num="3" count="1" type="stmt"/>
      <line num="7" count="1" type="stmt"/>
      <line num="8" count="1" type="stmt"/>
      <line num="9" count="1" type="stmt"/>
      <line num="10" count="1" type="stmt"/>
      <line num="12" count="9" type="stmt"/>
      <line num="18" count="9" type="stmt"/>
      <line num="19" count="9" type="cond" truecount="1" falsecount="0"/>
      <line num="22" count="0" type="stmt"/>
      <line num="23" count="0" type="stmt"/>
      <line num="26" count="14" type="cond" truecount="3" falsecount="0"/>
      <line num="27" count="11" type="stmt"/>
      <line num="28" count="11" type="stmt"/>
      <line num="29" count="11" type="stmt"/>
      <line num="33" count="14" type="cond" truecount="1" falsecount="0"/>
      <line num="34" count="14" type="stmt"/>
      <line num="35" count="14" type="stmt"/>
      <line num="38" count="6" type="cond" truecount="1" falsecount="0"/>
      <line num="39" count="3" type="stmt"/>
      <line num="41" count="6" type="stmt"/>
      <line num="42" count="6" type="stmt"/>
      <line num="43" count="6" type="stmt"/>
      <line num="44" count="6" type="stmt"/>
      <line num="45" count="6" type="stmt"/>
      <line num="46" count="6" type="stmt"/>
      <line num="47" count="6" type="stmt"/>
      <line num="49" count="6" type="stmt"/>
      <line num="50" count="6" type="cond" truecount="0" falsecount="5"/>
      <line num="54" count="2" type="stmt"/>
      <line num="57" count="0" type="stmt"/>
      <line num="60" count="0" type="stmt"/>
      <line num="63" count="1" type="cond" truecount="1" falsecount="0"/>
      <line num="64" count="1" type="cond" truecount="0" falsecount="1"/>
      <line num="65" count="1" type="cond" truecount="3" falsecount="1"/>
      <line num="66" count="1" type="stmt"/>
      <line num="69" count="23" type="cond" truecount="3" falsecount="0"/>
      <line num="70" count="15" type="stmt"/>
      <line num="71" count="15" type="stmt"/>
      <line num="72" count="15" type="stmt"/>
      <line num="73" count="15" type="stmt"/>
      <line num="74" count="15" type="cond" truecount="2" falsecount="0"/>
      <line num="75" count="4" type="cond" truecount="0" falsecount="1"/>
      <line num="76" count="4" type="stmt"/>
      <line num="77" count="11" type="cond" truecount="2" falsecount="0"/>
      <line num="78" count="4" type="cond" truecount="0" falsecount="1"/>
      <line num="79" count="4" type="stmt"/>
      <line num="80" count="7" type="cond" truecount="1" falsecount="1"/>
      <line num="81" count="0" type="cond" truecount="0" falsecount="1"/>
      <line num="82" count="0" type="stmt"/>
      <line num="83" count="7" type="cond" truecount="1" falsecount="1"/>
      <line num="84" count="0" type="cond" truecount="0" falsecount="1"/>
      <line num="85" count="0" type="stmt"/>
      <line num="86" count="7" type="cond" truecount="2" falsecount="0"/>
      <line num="87" count="2" type="cond" truecount="0" falsecount="1"/>
      <line num="88" count="2" type="stmt"/>
      <line num="89" count="2" type="stmt"/>
      <line num="90" count="5" type="cond" truecount="1" falsecount="1"/>
      <line num="91" count="5" type="cond" truecount="1" falsecount="0"/>
      <line num="92" count="4" type="stmt"/>
      <line num="93" count="4" type="stmt"/>
      <line num="94" count="0" type="cond" truecount="0" falsecount="1"/>
      <line num="95" count="0" type="stmt"/>
      <line num="96" count="0" type="stmt"/>
      <line num="98" count="14" type="stmt"/>
      <line num="99" count="14" type="cond" truecount="2" falsecount="0"/>
      <line num="100" count="6" type="cond" truecount="1" falsecount="0"/>
      <line num="101" count="6" type="stmt"/>
      <line num="102" count="14" type="stmt"/>
      <line num="105" count="11" type="cond" truecount="1" falsecount="1"/>
      <line num="106" count="11" type="stmt"/>
      <line num="108" count="0" type="stmt"/>
      <line num="110" count="11" type="cond" truecount="4" falsecount="0"/>
      <line num="112" count="4" type="stmt"/>
      <line num="115" count="2" type="stmt"/>
      <line num="116" count="2" type="stmt"/>
      <line num="119" count="0" type="stmt"/>
      <line num="120" count="0" type="stmt"/>
      <line num="123" count="0" type="stmt"/>
      <line num="124" count="0" type="stmt"/>
      <line num="127" count="13" type="cond" truecount="2" falsecount="0"/>
      <line num="128" count="5" type="stmt"/>
      <line num="129" count="5" type="stmt"/>
      <line num="130" count="5" type="cond" truecount="2" falsecount="0"/>
      <line num="131" count="1" type="stmt"/>
      <line num="133" count="4" type="stmt"/>
      <line num="134" count="4" type="stmt"/>
      <line num="135" count="4" type="stmt"/>
      <line num="137" count="5" type="stmt"/>
      <line num="139" count="8" type="stmt"/>
      <line num="140" count="8" type="stmt"/>
    </file>
  </project>
</coverage>
