TN:
SF:src/index.ts
FN:17,(anonymous_7)
FN:20,(anonymous_8)
FN:24,(anonymous_9)
FN:34,(anonymous_11)
FN:41,(anonymous_12)
FN:46,(anonymous_13)
FN:50,(anonymous_15)
FN:52,(anonymous_16)
FN:61,(anonymous_17)
FN:64,(anonymous_18)
FN:67,(anonymous_19)
FN:70,(anonymous_20)
FN:76,(anonymous_21)
FN:81,(anonymous_22)
FN:112,(anonymous_23)
FN:120,(anonymous_24)
FN:124,(anonymous_25)
FN:128,(anonymous_26)
FN:132,(anonymous_27)
FNF:19
FNH:13
FNDA:8,(anonymous_7)
FNDA:0,(anonymous_8)
FNDA:0,(anonymous_9)
FNDA:14,(anonymous_11)
FNDA:14,(anonymous_12)
FNDA:6,(anonymous_13)
FNDA:6,(anonymous_15)
FNDA:6,(anonymous_16)
FNDA:2,(anonymous_17)
FNDA:0,(anonymous_18)
FNDA:0,(anonymous_19)
FNDA:1,(anonymous_20)
FNDA:21,(anonymous_21)
FNDA:15,(anonymous_22)
FNDA:9,(anonymous_23)
FNDA:2,(anonymous_24)
FNDA:0,(anonymous_25)
FNDA:0,(anonymous_26)
FNDA:11,(anonymous_27)
DA:1,1
DA:2,1
DA:3,1
DA:7,1
DA:8,1
DA:9,1
DA:10,1
DA:12,8
DA:17,8
DA:18,8
DA:21,0
DA:22,0
DA:25,0
DA:26,0
DA:27,0
DA:28,0
DA:30,0
DA:31,0
DA:35,14
DA:36,11
DA:37,11
DA:38,11
DA:42,14
DA:43,14
DA:44,14
DA:47,6
DA:48,3
DA:50,6
DA:51,6
DA:52,6
DA:53,6
DA:54,6
DA:55,6
DA:56,6
DA:58,6
DA:62,2
DA:65,0
DA:68,0
DA:71,1
DA:72,1
DA:73,1
DA:74,1
DA:77,21
DA:78,15
DA:79,15
DA:80,15
DA:81,15
DA:82,15
DA:83,4
DA:84,4
DA:85,11
DA:86,4
DA:87,4
DA:88,7
DA:89,0
DA:90,0
DA:91,7
DA:92,0
DA:93,0
DA:94,7
DA:95,2
DA:96,2
DA:97,2
DA:98,5
DA:99,5
DA:100,4
DA:101,4
DA:102,0
DA:103,0
DA:104,0
DA:106,14
DA:107,14
DA:108,6
DA:109,6
DA:110,14
DA:113,9
DA:114,9
DA:116,0
DA:118,9
DA:121,2
DA:122,2
DA:125,0
DA:126,0
DA:129,0
DA:130,0
DA:133,11
DA:134,4
DA:135,4
DA:136,4
DA:137,0
DA:139,4
DA:140,4
DA:141,4
DA:143,4
DA:145,7
DA:146,7
LF:96
LH:73
BRDA:18,0,0,5
BRDA:26,1,0,0
BRDA:26,1,1,0
BRDA:35,2,0,11
BRDA:35,3,0,14
BRDA:35,3,1,14
BRDA:42,4,0,14
BRDA:47,5,0,3
BRDA:71,6,0,1
BRDA:72,7,0,0
BRDA:73,8,0,1
BRDA:73,8,1,0
BRDA:73,9,0,1
BRDA:73,9,1,1
BRDA:77,10,0,6
BRDA:77,11,0,21
BRDA:77,11,1,21
BRDA:82,12,0,4
BRDA:82,12,1,11
BRDA:83,13,0,0
BRDA:85,14,0,4
BRDA:85,14,1,7
BRDA:86,15,0,0
BRDA:88,16,0,0
BRDA:88,16,1,7
BRDA:89,17,0,0
BRDA:91,18,0,0
BRDA:91,18,1,7
BRDA:92,19,0,0
BRDA:94,20,0,2
BRDA:94,20,1,5
BRDA:95,21,0,0
BRDA:98,22,0,5
BRDA:98,22,1,0
BRDA:99,23,0,1
BRDA:102,24,0,0
BRDA:107,25,0,8
BRDA:107,25,1,6
BRDA:108,26,0,6
BRDA:113,27,0,9
BRDA:113,27,1,0
BRDA:118,28,0,5
BRDA:118,29,0,9
BRDA:118,29,1,4
BRDA:133,30,0,4
BRDA:133,30,1,7
BRDA:136,31,0,0
BRDA:136,31,1,4
BRF:48
BRH:33
end_of_record
