TN:
SF:src/index.ts
FN:18,(anonymous_7)
FN:21,(anonymous_8)
FN:25,(anonymous_9)
FN:32,(anonymous_10)
FN:37,(anonymous_11)
FN:41,(anonymous_13)
FN:43,(anonymous_14)
FN:53,(anonymous_15)
FN:56,(anonymous_16)
FN:59,(anonymous_17)
FN:62,(anonymous_18)
FN:68,(anonymous_19)
FN:73,(anonymous_20)
FN:104,(anonymous_21)
FN:112,(anonymous_22)
FN:114,(anonymous_23)
FN:118,(anonymous_24)
FN:122,(anonymous_25)
FN:126,(anonymous_26)
FNF:19
FNH:14
FNDA:9,(anonymous_7)
FNDA:0,(anonymous_8)
FNDA:14,(anonymous_9)
FNDA:14,(anonymous_10)
FNDA:6,(anonymous_11)
FNDA:6,(anonymous_13)
FNDA:6,(anonymous_14)
FNDA:2,(anonymous_15)
FNDA:0,(anonymous_16)
FNDA:0,(anonymous_17)
FNDA:1,(anonymous_18)
FNDA:23,(anonymous_19)
FNDA:15,(anonymous_20)
FNDA:11,(anonymous_21)
FNDA:4,(anonymous_22)
FNDA:2,(anonymous_23)
FNDA:0,(anonymous_24)
FNDA:0,(anonymous_25)
FNDA:13,(anonymous_26)
DA:1,1
DA:2,1
DA:3,1
DA:7,1
DA:8,1
DA:9,1
DA:10,1
DA:12,9
DA:18,9
DA:19,9
DA:22,0
DA:23,0
DA:26,14
DA:27,11
DA:28,11
DA:29,11
DA:33,14
DA:34,14
DA:35,14
DA:38,6
DA:39,3
DA:41,6
DA:42,6
DA:43,6
DA:44,6
DA:45,6
DA:46,6
DA:47,6
DA:49,6
DA:50,6
DA:54,2
DA:57,0
DA:60,0
DA:63,1
DA:64,1
DA:65,1
DA:66,1
DA:69,23
DA:70,15
DA:71,15
DA:72,15
DA:73,15
DA:74,15
DA:75,4
DA:76,4
DA:77,11
DA:78,4
DA:79,4
DA:80,7
DA:81,0
DA:82,0
DA:83,7
DA:84,0
DA:85,0
DA:86,7
DA:87,2
DA:88,2
DA:89,2
DA:90,5
DA:91,5
DA:92,4
DA:93,4
DA:94,0
DA:95,0
DA:96,0
DA:98,14
DA:99,14
DA:100,6
DA:101,6
DA:102,14
DA:105,11
DA:106,11
DA:108,0
DA:110,11
DA:112,4
DA:115,2
DA:116,2
DA:119,0
DA:120,0
DA:123,0
DA:124,0
DA:127,13
DA:128,5
DA:129,5
DA:130,5
DA:131,1
DA:133,4
DA:134,4
DA:135,4
DA:137,5
DA:139,8
DA:140,8
LF:92
LH:76
BRDA:19,0,0,6
BRDA:26,1,0,11
BRDA:26,2,0,14
BRDA:26,2,1,14
BRDA:33,3,0,14
BRDA:38,4,0,3
BRDA:50,5,0,0
BRDA:50,6,0,0
BRDA:50,6,1,0
BRDA:50,7,0,0
BRDA:50,7,1,0
BRDA:63,8,0,1
BRDA:64,9,0,0
BRDA:65,10,0,1
BRDA:65,10,1,0
BRDA:65,11,0,1
BRDA:65,11,1,1
BRDA:69,12,0,8
BRDA:69,13,0,23
BRDA:69,13,1,23
BRDA:74,14,0,4
BRDA:74,14,1,11
BRDA:75,15,0,0
BRDA:77,16,0,4
BRDA:77,16,1,7
BRDA:78,17,0,0
BRDA:80,18,0,0
BRDA:80,18,1,7
BRDA:81,19,0,0
BRDA:83,20,0,0
BRDA:83,20,1,7
BRDA:84,21,0,0
BRDA:86,22,0,2
BRDA:86,22,1,5
BRDA:87,23,0,0
BRDA:90,24,0,5
BRDA:90,24,1,0
BRDA:91,25,0,1
BRDA:94,26,0,0
BRDA:99,27,0,8
BRDA:99,27,1,6
BRDA:100,28,0,6
BRDA:105,29,0,11
BRDA:105,29,1,0
BRDA:110,30,0,7
BRDA:110,30,1,4
BRDA:110,31,0,11
BRDA:110,31,1,4
BRDA:127,32,0,5
BRDA:127,32,1,8
BRDA:130,33,0,1
BRDA:130,33,1,4
BRF:52
BRH:35
end_of_record
